Arguments: 
  /usr/local/bin/node /usr/local/bin/yarn add web3

PATH: 
  /usr/local/bin:/usr/bin:/bin:/usr/sbin:/sbin

Yarn version: 
  1.12.3

Node version: 
  10.13.0

Platform: 
  darwin x64

Trace: 
  Error: EACCES: permission denied, mkdir '/Users/jwchoi/Documents/server-jwt/node_modules/aes-js'

npm manifest: 
  {
      "name": "server-jwt",
      "version": "1.0.0",
      "description": "",
      "main": "index.js",
      "scripts": {
          "test": "echo \"Error: no test specified\" && exit 1"
      },
      "keywords": [],
      "author": "",
      "license": "ISC",
      "dependencies": {
          "body-parser": "^1.18.3",
          "dotenv": "^6.2.0",
          "express": "^4.16.4",
          "jsonwebtoken": "^8.4.0",
          "morgan": "^1.9.1",
          "mysql": "^2.16.0",
          "mysql2": "^1.6.4",
          "nodemon": "^1.18.9",
          "web3": "^0.20.2"
      },
      "devDependencies": {
          "eslint": "^5.11.1"
      }
  }

yarn manifest: 
  No manifest

Lockfile: 
  No lockfile
